-encoding
utf-8
-outxml
-source
1.6
-target
1.6
-classpath
C:\Users\ThinkPad\.m2\repository\junit\junit\4.11\junit-4.11.jar;C:\Users\ThinkPad\.m2\repository\log4j\log4j\1.2.17\log4j-1.2.17.jar;C:\Users\ThinkPad\.m2\repository\org\slf4j\slf4j-api\1.7.5\slf4j-api-1.7.5.jar;C:\Users\ThinkPad\.m2\repository\org\slf4j\jcl-over-slf4j\1.7.5\jcl-over-slf4j-1.7.5.jar;C:\Users\ThinkPad\.m2\repository\org\slf4j\slf4j-log4j12\1.7.5\slf4j-log4j12-1.7.5.jar;C:\Users\ThinkPad\.m2\repository\org\aspectj\aspectjrt\1.7.2\aspectjrt-1.7.2.jar;C:\Users\ThinkPad\.m2\repository\org\aspectj\aspectjweaver\1.7.2\aspectjweaver-1.7.2.jar;C:\Users\ThinkPad\.m2\repository\javax\servlet\servlet-api\2.5\servlet-api-2.5.jar;C:\Users\ThinkPad\.m2\repository\net\sf\flexjson\flexjson\2.1\flexjson-2.1.jar;C:\Users\ThinkPad\.m2\repository\org\apache\commons\commons-lang3\3.1\commons-lang3-3.1.jar;C:\Users\ThinkPad\.m2\repository\org\springframework\roo\org.springframework.roo.annotations\1.2.4.RELEASE\org.springframework.roo.annotations-1.2.4.RELEASE.jar;C:\Users\ThinkPad\.m2\repository\org\springframework\spring-core\3.2.3.RELEASE\spring-core-3.2.3.RELEASE.jar;C:\Users\ThinkPad\.m2\repository\org\springframework\spring-test\3.2.3.RELEASE\spring-test-3.2.3.RELEASE.jar;C:\Users\ThinkPad\.m2\repository\org\springframework\spring-context\3.2.3.RELEASE\spring-context-3.2.3.RELEASE.jar;C:\Users\ThinkPad\.m2\repository\org\springframework\spring-aop\3.2.3.RELEASE\spring-aop-3.2.3.RELEASE.jar;C:\Users\ThinkPad\.m2\repository\org\springframework\spring-aspects\3.2.3.RELEASE\spring-aspects-3.2.3.RELEASE.jar;C:\Users\ThinkPad\.m2\repository\mysql\mysql-connector-java\5.1.18\mysql-connector-java-5.1.18.jar;C:\Users\ThinkPad\.m2\repository\org\hibernate\hibernate-core\4.2.2.Final\hibernate-core-4.2.2.Final.jar;C:\Users\ThinkPad\.m2\repository\org\hibernate\hibernate-entitymanager\4.2.2.Final\hibernate-entitymanager-4.2.2.Final.jar;C:\Users\ThinkPad\.m2\repository\org\hibernate\javax\persistence\hibernate-jpa-2.0-api\1.0.1.Final\hibernate-jpa-2.0-api-1.0.1.Final.jar;C:\Users\ThinkPad\.m2\repository\commons-collections\commons-collections\3.2.1\commons-collections-3.2.1.jar;C:\Users\ThinkPad\.m2\repository\org\hibernate\hibernate-validator\4.3.1.Final\hibernate-validator-4.3.1.Final.jar;C:\Users\ThinkPad\.m2\repository\javax\validation\validation-api\1.0.0.GA\validation-api-1.0.0.GA.jar;C:\Users\ThinkPad\.m2\repository\javax\transaction\jta\1.1\jta-1.1.jar;C:\Users\ThinkPad\.m2\repository\org\springframework\spring-jdbc\3.2.3.RELEASE\spring-jdbc-3.2.3.RELEASE.jar;C:\Users\ThinkPad\.m2\repository\org\springframework\spring-orm\3.2.3.RELEASE\spring-orm-3.2.3.RELEASE.jar;C:\Users\ThinkPad\.m2\repository\commons-pool\commons-pool\1.5.6\commons-pool-1.5.6.jar;C:\Users\ThinkPad\.m2\repository\commons-dbcp\commons-dbcp\1.4\commons-dbcp-1.4.jar;C:\Users\ThinkPad\.m2\repository\org\springframework\spring-webmvc\3.2.3.RELEASE\spring-webmvc-3.2.3.RELEASE.jar;C:\Users\ThinkPad\.m2\repository\org\springframework\webflow\spring-js-resources\2.2.1.RELEASE\spring-js-resources-2.2.1.RELEASE.jar;C:\Users\ThinkPad\.m2\repository\commons-digester\commons-digester\2.1\commons-digester-2.1.jar;C:\Users\ThinkPad\.m2\repository\javax\servlet\jsp\jstl\jstl-api\1.2\jstl-api-1.2.jar;C:\Users\ThinkPad\.m2\repository\org\glassfish\web\jstl-impl\1.2\jstl-impl-1.2.jar;C:\Users\ThinkPad\.m2\repository\javax\el\el-api\2.2\el-api-2.2.jar;C:\Users\ThinkPad\.m2\repository\joda-time\joda-time\1.6\joda-time-1.6.jar;C:\Users\ThinkPad\.m2\repository\javax\servlet\jsp\jsp-api\2.1\jsp-api-2.1.jar;C:\Users\ThinkPad\.m2\repository\commons-codec\commons-codec\1.5\commons-codec-1.5.jar;C:\Users\ThinkPad\.m2\repository\org\apache\tiles\tiles-jsp\2.2.2\tiles-jsp-2.2.2.jar;C:\Users\ThinkPad\.m2\repository\org\springframework\security\spring-security-core\3.1.0.RELEASE\spring-security-core-3.1.0.RELEASE.jar;C:\Users\ThinkPad\.m2\repository\org\springframework\security\spring-security-config\3.1.0.RELEASE\spring-security-config-3.1.0.RELEASE.jar;C:\Users\ThinkPad\.m2\repository\org\springframework\security\spring-security-web\3.1.0.RELEASE\spring-security-web-3.1.0.RELEASE.jar;C:\Users\ThinkPad\.m2\repository\org\springframework\security\spring-security-taglibs\3.1.0.RELEASE\spring-security-taglibs-3.1.0.RELEASE.jar;C:\Users\ThinkPad\.m2\repository\commons-fileupload\commons-fileupload\1.2.1\commons-fileupload-1.2.1.jar;C:\Users\ThinkPad\.m2\repository\commons-io\commons-io\1.3.1\commons-io-1.3.1.jar;C:\Users\ThinkPad\.m2\repository\org\springframework\spring-beans\3.2.3.RELEASE\spring-beans-3.2.3.RELEASE.jar;C:\Users\ThinkPad\.m2\repository\org\springframework\spring-expression\3.2.3.RELEASE\spring-expression-3.2.3.RELEASE.jar;C:\Users\ThinkPad\.m2\repository\aopalliance\aopalliance\1.0\aopalliance-1.0.jar;C:\Users\ThinkPad\.m2\repository\org\springframework\spring-context-support\3.2.3.RELEASE\spring-context-support-3.2.3.RELEASE.jar;C:\Users\ThinkPad\.m2\repository\antlr\antlr\2.7.7\antlr-2.7.7.jar;C:\Users\ThinkPad\.m2\repository\org\jboss\logging\jboss-logging\3.1.0.GA\jboss-logging-3.1.0.GA.jar;C:\Users\ThinkPad\.m2\repository\dom4j\dom4j\1.6.1\dom4j-1.6.1.jar;C:\Users\ThinkPad\.m2\repository\org\jboss\spec\javax\transaction\jboss-transaction-api_1.1_spec\1.0.1.Final\jboss-transaction-api_1.1_spec-1.0.1.Final.jar;C:\Users\ThinkPad\.m2\repository\org\hibernate\common\hibernate-commons-annotations\4.0.2.Final\hibernate-commons-annotations-4.0.2.Final.jar;C:\Users\ThinkPad\.m2\repository\org\javassist\javassist\3.15.0-GA\javassist-3.15.0-GA.jar;C:\Users\ThinkPad\.m2\repository\org\springframework\spring-tx\3.2.3.RELEASE\spring-tx-3.2.3.RELEASE.jar;C:\Users\ThinkPad\.m2\repository\org\springframework\spring-web\3.2.3.RELEASE\spring-web-3.2.3.RELEASE.jar;C:\Users\ThinkPad\.m2\repository\commons-beanutils\commons-beanutils\1.8.3\commons-beanutils-1.8.3.jar;C:\Users\ThinkPad\.m2\repository\org\apache\tiles\tiles-servlet\2.2.2\tiles-servlet-2.2.2.jar;C:\Users\ThinkPad\.m2\repository\org\apache\tiles\tiles-core\2.2.2\tiles-core-2.2.2.jar;C:\Users\ThinkPad\.m2\repository\org\apache\tiles\tiles-template\2.2.2\tiles-template-2.2.2.jar;C:\Users\ThinkPad\.m2\repository\org\apache\tiles\tiles-api\2.2.2\tiles-api-2.2.2.jar;C:\Users\ThinkPad\.m2\repository\org\springframework\security\spring-security-crypto\3.1.0.RELEASE\spring-security-crypto-3.1.0.RELEASE.jar;C:\Users\ThinkPad\.m2\repository\org\springframework\security\spring-security-acl\3.1.0.RELEASE\spring-security-acl-3.1.0.RELEASE.jar;C:\Users\ThinkPad\Documents\GitHub\inspect3\target\classes
-aspectpath
C:\Users\ThinkPad\.m2\repository\org\springframework\spring-aspects\3.2.3.RELEASE\spring-aspects-3.2.3.RELEASE.jar
-d
C:\Users\ThinkPad\Documents\GitHub\inspect3\target\classes
C:\Users\ThinkPad\Documents\GitHub\inspect3\src\main\java\com\springsource\roo\inspect\dao\InspectTableImpl.java
C:\Users\ThinkPad\Documents\GitHub\inspect3\src\main\java\com\springsource\roo\inspect\domain\Dept.java
C:\Users\ThinkPad\Documents\GitHub\inspect3\src\main\java\com\springsource\roo\inspect\domain\Dept_Roo_Configurable.aj
C:\Users\ThinkPad\Documents\GitHub\inspect3\src\main\java\com\springsource\roo\inspect\domain\Dept_Roo_JavaBean.aj
C:\Users\ThinkPad\Documents\GitHub\inspect3\src\main\java\com\springsource\roo\inspect\domain\Dept_Roo_Jpa_ActiveRecord.aj
C:\Users\ThinkPad\Documents\GitHub\inspect3\src\main\java\com\springsource\roo\inspect\domain\Dept_Roo_Jpa_Entity.aj
C:\Users\ThinkPad\Documents\GitHub\inspect3\src\main\java\com\springsource\roo\inspect\domain\Dept_Roo_ToString.aj
C:\Users\ThinkPad\Documents\GitHub\inspect3\src\main\java\com\springsource\roo\inspect\domain\Device.java
C:\Users\ThinkPad\Documents\GitHub\inspect3\src\main\java\com\springsource\roo\inspect\domain\DeviceInspectRec.java
C:\Users\ThinkPad\Documents\GitHub\inspect3\src\main\java\com\springsource\roo\inspect\domain\DeviceInspectRec_Roo_Configurable.aj
C:\Users\ThinkPad\Documents\GitHub\inspect3\src\main\java\com\springsource\roo\inspect\domain\DeviceInspectRec_Roo_JavaBean.aj
C:\Users\ThinkPad\Documents\GitHub\inspect3\src\main\java\com\springsource\roo\inspect\domain\DeviceInspectRec_Roo_Jpa_ActiveRecord.aj
C:\Users\ThinkPad\Documents\GitHub\inspect3\src\main\java\com\springsource\roo\inspect\domain\DeviceInspectRec_Roo_Jpa_Entity.aj
C:\Users\ThinkPad\Documents\GitHub\inspect3\src\main\java\com\springsource\roo\inspect\domain\DeviceInspectRec_Roo_ToString.aj
C:\Users\ThinkPad\Documents\GitHub\inspect3\src\main\java\com\springsource\roo\inspect\domain\Device_Roo_Configurable.aj
C:\Users\ThinkPad\Documents\GitHub\inspect3\src\main\java\com\springsource\roo\inspect\domain\Device_Roo_JavaBean.aj
C:\Users\ThinkPad\Documents\GitHub\inspect3\src\main\java\com\springsource\roo\inspect\domain\Device_Roo_Jpa_ActiveRecord.aj
C:\Users\ThinkPad\Documents\GitHub\inspect3\src\main\java\com\springsource\roo\inspect\domain\Device_Roo_Jpa_Entity.aj
C:\Users\ThinkPad\Documents\GitHub\inspect3\src\main\java\com\springsource\roo\inspect\domain\Device_Roo_ToString.aj
C:\Users\ThinkPad\Documents\GitHub\inspect3\src\main\java\com\springsource\roo\inspect\domain\InspectItem.java
C:\Users\ThinkPad\Documents\GitHub\inspect3\src\main\java\com\springsource\roo\inspect\domain\InspectItemRec.java
C:\Users\ThinkPad\Documents\GitHub\inspect3\src\main\java\com\springsource\roo\inspect\domain\InspectItemRecord.java
C:\Users\ThinkPad\Documents\GitHub\inspect3\src\main\java\com\springsource\roo\inspect\domain\InspectItemRecord_Roo_Configurable.aj
C:\Users\ThinkPad\Documents\GitHub\inspect3\src\main\java\com\springsource\roo\inspect\domain\InspectItemRecord_Roo_JavaBean.aj
C:\Users\ThinkPad\Documents\GitHub\inspect3\src\main\java\com\springsource\roo\inspect\domain\InspectItemRecord_Roo_Jpa_ActiveRecord.aj
C:\Users\ThinkPad\Documents\GitHub\inspect3\src\main\java\com\springsource\roo\inspect\domain\InspectItemRecord_Roo_Jpa_Entity.aj
C:\Users\ThinkPad\Documents\GitHub\inspect3\src\main\java\com\springsource\roo\inspect\domain\InspectItemRecord_Roo_ToString.aj
C:\Users\ThinkPad\Documents\GitHub\inspect3\src\main\java\com\springsource\roo\inspect\domain\InspectItemRec_Roo_Configurable.aj
C:\Users\ThinkPad\Documents\GitHub\inspect3\src\main\java\com\springsource\roo\inspect\domain\InspectItemRec_Roo_JavaBean.aj
C:\Users\ThinkPad\Documents\GitHub\inspect3\src\main\java\com\springsource\roo\inspect\domain\InspectItemRec_Roo_Jpa_ActiveRecord.aj
C:\Users\ThinkPad\Documents\GitHub\inspect3\src\main\java\com\springsource\roo\inspect\domain\InspectItemRec_Roo_Jpa_Entity.aj
C:\Users\ThinkPad\Documents\GitHub\inspect3\src\main\java\com\springsource\roo\inspect\domain\InspectItemRec_Roo_ToString.aj
C:\Users\ThinkPad\Documents\GitHub\inspect3\src\main\java\com\springsource\roo\inspect\domain\InspectItem_Roo_Configurable.aj
C:\Users\ThinkPad\Documents\GitHub\inspect3\src\main\java\com\springsource\roo\inspect\domain\InspectItem_Roo_JavaBean.aj
C:\Users\ThinkPad\Documents\GitHub\inspect3\src\main\java\com\springsource\roo\inspect\domain\InspectItem_Roo_Jpa_ActiveRecord.aj
C:\Users\ThinkPad\Documents\GitHub\inspect3\src\main\java\com\springsource\roo\inspect\domain\InspectItem_Roo_Jpa_Entity.aj
C:\Users\ThinkPad\Documents\GitHub\inspect3\src\main\java\com\springsource\roo\inspect\domain\InspectItem_Roo_ToString.aj
C:\Users\ThinkPad\Documents\GitHub\inspect3\src\main\java\com\springsource\roo\inspect\domain\InspectTable.java
C:\Users\ThinkPad\Documents\GitHub\inspect3\src\main\java\com\springsource\roo\inspect\domain\InspectTableRecord.java
C:\Users\ThinkPad\Documents\GitHub\inspect3\src\main\java\com\springsource\roo\inspect\domain\InspectTableRecord_Roo_Configurable.aj
C:\Users\ThinkPad\Documents\GitHub\inspect3\src\main\java\com\springsource\roo\inspect\domain\InspectTableRecord_Roo_JavaBean.aj
C:\Users\ThinkPad\Documents\GitHub\inspect3\src\main\java\com\springsource\roo\inspect\domain\InspectTableRecord_Roo_Jpa_ActiveRecord.aj
C:\Users\ThinkPad\Documents\GitHub\inspect3\src\main\java\com\springsource\roo\inspect\domain\InspectTableRecord_Roo_Jpa_Entity.aj
C:\Users\ThinkPad\Documents\GitHub\inspect3\src\main\java\com\springsource\roo\inspect\domain\InspectTableRecord_Roo_ToString.aj
C:\Users\ThinkPad\Documents\GitHub\inspect3\src\main\java\com\springsource\roo\inspect\domain\InspectTable_Roo_Configurable.aj
C:\Users\ThinkPad\Documents\GitHub\inspect3\src\main\java\com\springsource\roo\inspect\domain\InspectTable_Roo_JavaBean.aj
C:\Users\ThinkPad\Documents\GitHub\inspect3\src\main\java\com\springsource\roo\inspect\domain\InspectTable_Roo_Jpa_ActiveRecord.aj
C:\Users\ThinkPad\Documents\GitHub\inspect3\src\main\java\com\springsource\roo\inspect\domain\InspectTable_Roo_Jpa_Entity.aj
C:\Users\ThinkPad\Documents\GitHub\inspect3\src\main\java\com\springsource\roo\inspect\domain\InspectTable_Roo_ToString.aj
C:\Users\ThinkPad\Documents\GitHub\inspect3\src\main\java\com\springsource\roo\inspect\domain\InspectTag.java
C:\Users\ThinkPad\Documents\GitHub\inspect3\src\main\java\com\springsource\roo\inspect\domain\InspectTag_Roo_Configurable.aj
C:\Users\ThinkPad\Documents\GitHub\inspect3\src\main\java\com\springsource\roo\inspect\domain\InspectTag_Roo_JavaBean.aj
C:\Users\ThinkPad\Documents\GitHub\inspect3\src\main\java\com\springsource\roo\inspect\domain\InspectTag_Roo_Jpa_ActiveRecord.aj
C:\Users\ThinkPad\Documents\GitHub\inspect3\src\main\java\com\springsource\roo\inspect\domain\InspectTag_Roo_Jpa_Entity.aj
C:\Users\ThinkPad\Documents\GitHub\inspect3\src\main\java\com\springsource\roo\inspect\domain\InspectTag_Roo_ToString.aj
C:\Users\ThinkPad\Documents\GitHub\inspect3\src\main\java\com\springsource\roo\inspect\domain\Roles.java
C:\Users\ThinkPad\Documents\GitHub\inspect3\src\main\java\com\springsource\roo\inspect\domain\Roles_Roo_Configurable.aj
C:\Users\ThinkPad\Documents\GitHub\inspect3\src\main\java\com\springsource\roo\inspect\domain\Roles_Roo_JavaBean.aj
C:\Users\ThinkPad\Documents\GitHub\inspect3\src\main\java\com\springsource\roo\inspect\domain\Roles_Roo_Jpa_ActiveRecord.aj
C:\Users\ThinkPad\Documents\GitHub\inspect3\src\main\java\com\springsource\roo\inspect\domain\Roles_Roo_Jpa_Entity.aj
C:\Users\ThinkPad\Documents\GitHub\inspect3\src\main\java\com\springsource\roo\inspect\domain\Roles_Roo_ToString.aj
C:\Users\ThinkPad\Documents\GitHub\inspect3\src\main\java\com\springsource\roo\inspect\domain\TValue.java
C:\Users\ThinkPad\Documents\GitHub\inspect3\src\main\java\com\springsource\roo\inspect\domain\TValue_Roo_Configurable.aj
C:\Users\ThinkPad\Documents\GitHub\inspect3\src\main\java\com\springsource\roo\inspect\domain\TValue_Roo_JavaBean.aj
C:\Users\ThinkPad\Documents\GitHub\inspect3\src\main\java\com\springsource\roo\inspect\domain\TValue_Roo_Jpa_ActiveRecord.aj
C:\Users\ThinkPad\Documents\GitHub\inspect3\src\main\java\com\springsource\roo\inspect\domain\TValue_Roo_Jpa_Entity.aj
C:\Users\ThinkPad\Documents\GitHub\inspect3\src\main\java\com\springsource\roo\inspect\domain\TValue_Roo_ToString.aj
C:\Users\ThinkPad\Documents\GitHub\inspect3\src\main\java\com\springsource\roo\inspect\domain\Users.java
C:\Users\ThinkPad\Documents\GitHub\inspect3\src\main\java\com\springsource\roo\inspect\domain\Users_Roo_Configurable.aj
C:\Users\ThinkPad\Documents\GitHub\inspect3\src\main\java\com\springsource\roo\inspect\domain\Users_Roo_JavaBean.aj
C:\Users\ThinkPad\Documents\GitHub\inspect3\src\main\java\com\springsource\roo\inspect\domain\Users_Roo_Jpa_ActiveRecord.aj
C:\Users\ThinkPad\Documents\GitHub\inspect3\src\main\java\com\springsource\roo\inspect\domain\Users_Roo_Jpa_Entity.aj
C:\Users\ThinkPad\Documents\GitHub\inspect3\src\main\java\com\springsource\roo\inspect\domain\Users_Roo_ToString.aj
C:\Users\ThinkPad\Documents\GitHub\inspect3\src\main\java\com\springsource\roo\inspect\web\ApplicationConversionServiceFactoryBean.java
C:\Users\ThinkPad\Documents\GitHub\inspect3\src\main\java\com\springsource\roo\inspect\web\ApplicationConversionServiceFactoryBean_Roo_ConversionService.aj
C:\Users\ThinkPad\Documents\GitHub\inspect3\src\main\java\com\springsource\roo\inspect\web\DeptController.java
C:\Users\ThinkPad\Documents\GitHub\inspect3\src\main\java\com\springsource\roo\inspect\web\DeptController_Roo_Controller.aj
C:\Users\ThinkPad\Documents\GitHub\inspect3\src\main\java\com\springsource\roo\inspect\web\DeviceController.java
C:\Users\ThinkPad\Documents\GitHub\inspect3\src\main\java\com\springsource\roo\inspect\web\DeviceController_Roo_Controller.aj
C:\Users\ThinkPad\Documents\GitHub\inspect3\src\main\java\com\springsource\roo\inspect\web\DeviceInspectRecController.java
C:\Users\ThinkPad\Documents\GitHub\inspect3\src\main\java\com\springsource\roo\inspect\web\DeviceInspectRecController_Roo_Controller.aj
C:\Users\ThinkPad\Documents\GitHub\inspect3\src\main\java\com\springsource\roo\inspect\web\InspectItemController.java
C:\Users\ThinkPad\Documents\GitHub\inspect3\src\main\java\com\springsource\roo\inspect\web\InspectItemController_Roo_Controller.aj
C:\Users\ThinkPad\Documents\GitHub\inspect3\src\main\java\com\springsource\roo\inspect\web\InspectItemRecController.java
C:\Users\ThinkPad\Documents\GitHub\inspect3\src\main\java\com\springsource\roo\inspect\web\InspectItemRecController_Roo_Controller.aj
C:\Users\ThinkPad\Documents\GitHub\inspect3\src\main\java\com\springsource\roo\inspect\web\InspectItemRecordController.java
C:\Users\ThinkPad\Documents\GitHub\inspect3\src\main\java\com\springsource\roo\inspect\web\InspectItemRecordController_Roo_Controller.aj
C:\Users\ThinkPad\Documents\GitHub\inspect3\src\main\java\com\springsource\roo\inspect\web\InspectTableController.java
C:\Users\ThinkPad\Documents\GitHub\inspect3\src\main\java\com\springsource\roo\inspect\web\InspectTableController_Roo_Controller.aj
C:\Users\ThinkPad\Documents\GitHub\inspect3\src\main\java\com\springsource\roo\inspect\web\InspectTableRecordController.java
C:\Users\ThinkPad\Documents\GitHub\inspect3\src\main\java\com\springsource\roo\inspect\web\InspectTableRecordController_Roo_Controller.aj
C:\Users\ThinkPad\Documents\GitHub\inspect3\src\main\java\com\springsource\roo\inspect\web\InspectTagController.java
C:\Users\ThinkPad\Documents\GitHub\inspect3\src\main\java\com\springsource\roo\inspect\web\InspectTagController_Roo_Controller.aj
C:\Users\ThinkPad\Documents\GitHub\inspect3\src\main\java\com\springsource\roo\inspect\web\RolesController.java
C:\Users\ThinkPad\Documents\GitHub\inspect3\src\main\java\com\springsource\roo\inspect\web\RolesController_Roo_Controller.aj
C:\Users\ThinkPad\Documents\GitHub\inspect3\src\main\java\com\springsource\roo\inspect\web\TValueController.java
C:\Users\ThinkPad\Documents\GitHub\inspect3\src\main\java\com\springsource\roo\inspect\web\TValueController_Roo_Controller.aj
C:\Users\ThinkPad\Documents\GitHub\inspect3\src\main\java\com\springsource\roo\inspect\web\UsersController.java
C:\Users\ThinkPad\Documents\GitHub\inspect3\src\main\java\com\springsource\roo\inspect\web\UsersController_Roo_Controller.aj
C:\Users\ThinkPad\Documents\GitHub\inspect3\src\main\java\com\xmlparse\dom4j\insertToRolesTableXml.java
C:\Users\ThinkPad\Documents\GitHub\inspect3\src\main\java\com\xmlparse\dom4j\insertToTableTestXml.java
C:\Users\ThinkPad\Documents\GitHub\inspect3\src\main\java\com\xmlparse\dom4j\ReadInspectTableTest.java
C:\Users\ThinkPad\Documents\GitHub\inspect3\src\main\java\com\xmlparse\dom4j\ReadRolesTableData.java
C:\Users\ThinkPad\Documents\GitHub\inspect3\src\main\java\model\MyDataSource.java
C:\Users\ThinkPad\Documents\GitHub\inspect3\src\main\java\model\PageInspectTable.java
C:\Users\ThinkPad\Documents\GitHub\inspect3\src\main\java\Test\DOMAnalysisXml.java
C:\Users\ThinkPad\Documents\GitHub\inspect3\src\main\java\Test\insertToDb.java
C:\Users\ThinkPad\Documents\GitHub\inspect3\src\main\java\Test\insertToTableTestXml.java
C:\Users\ThinkPad\Documents\GitHub\inspect3\src\main\java\Test\ReadInspectTableTest.java
C:\Users\ThinkPad\Documents\GitHub\inspect3\src\main\java\Test\TestJava.java
C:\Users\ThinkPad\Documents\GitHub\inspect3\src\main\java\upload\MultipartServlet.java
C:\Users\ThinkPad\Documents\GitHub\inspect3\src\main\java\upload\MultipartTestServlet.java
C:\Users\ThinkPad\Documents\GitHub\inspect3\src\main\java\upload\MultipartTServlet.java
